2016-09-02 12:32:56 Warning: Warning (4096): Object of class Cake\Auth\DefaultPasswordHasher could not be converted to string in [C:\wamp64\www\cakephp3\bookmarker\src\Model\Entity\User.php, line 46]
Request URL: /users/edit/2
Referer URL: http://localhost:8765/users/edit/2
Trace:
Cake\Error\BaseErrorHandler::handleError() - CORE\src\Error\BaseErrorHandler.php, line 146
App\Model\Entity\User::_setPassword() - APP/Model\Entity\User.php, line 46
Cake\ORM\Entity::set() - CORE\src\Datasource\EntityTrait.php, line 265
Cake\ORM\Marshaller::merge() - CORE\src\ORM\Marshaller.php, line 563
Cake\ORM\Table::patchEntity() - CORE\src\ORM\Table.php, line 2234
App\Controller\UsersController::edit() - APP/Controller\UsersController.php, line 79
Cake\Controller\Controller::invokeAction() - CORE\src\Controller\Controller.php, line 435
Cake\Http\ActionDispatcher::_invoke() - CORE\src\Http\ActionDispatcher.php, line 124
Cake\Http\ActionDispatcher::dispatch() - CORE\src\Http\ActionDispatcher.php, line 98
Cake\Http\BaseApplication::__invoke() - CORE\src\Http\BaseApplication.php, line 83
Cake\Http\Runner::__invoke() - CORE\src\Http\Runner.php, line 65
Cake\Routing\Middleware\RoutingMiddleware::__invoke() - CORE\src\Routing\Middleware\RoutingMiddleware.php, line 52
Cake\Http\Runner::__invoke() - CORE\src\Http\Runner.php, line 65
Cake\Routing\Middleware\AssetMiddleware::__invoke() - CORE\src\Routing\Middleware\AssetMiddleware.php, line 88
Cake\Http\Runner::__invoke() - CORE\src\Http\Runner.php, line 65
Cake\Error\Middleware\ErrorHandlerMiddleware::__invoke() - CORE\src\Error\Middleware\ErrorHandlerMiddleware.php, line 51
Cake\Http\Runner::__invoke() - CORE\src\Http\Runner.php, line 65
Cake\Http\Runner::run() - CORE\src\Http\Runner.php, line 51
Cake\Http\Server::run() - CORE\src\Http\Server.php, line 82
[main] - ROOT\webroot\index.php, line 37



